<?xml version="1.0" encoding="UTF-8"?>
<testng-results skipped="0" failed="0" total="1" passed="1">
  <reporter-output>
  </reporter-output>
  <suite name="Default suite" duration-ms="23530" started-at="2015-06-21T21:27:44Z" finished-at="2015-06-21T21:28:07Z">
    <groups>
    </groups>
    <test name="Default test" duration-ms="23530" started-at="2015-06-21T21:27:44Z" finished-at="2015-06-21T21:28:07Z">
      <class name="com.wikia.homework.LoginSuccessfulTest">
        <test-method status="PASS" signature="setUp()[pri:0, instance:com.wikia.homework.LoginSuccessfulTest@70c73be3]" name="setUp" is-config="true" duration-ms="5794" started-at="2015-06-21T23:27:44Z" finished-at="2015-06-21T23:27:50Z">
          <reporter-output>
          </reporter-output>
        </test-method> <!-- setUp -->
        <test-method status="PASS" signature="loginSuccessful()[pri:0, instance:com.wikia.homework.LoginSuccessfulTest@70c73be3]" name="loginSuccessful" duration-ms="17638" started-at="2015-06-21T23:27:50Z" finished-at="2015-06-21T23:28:07Z">
          <reporter-output>
          </reporter-output>
        </test-method> <!-- loginSuccessful -->
        <test-method status="PASS" signature="tearDown()[pri:0, instance:com.wikia.homework.LoginSuccessfulTest@70c73be3]" name="tearDown" is-config="true" duration-ms="84" started-at="2015-06-21T23:28:07Z" finished-at="2015-06-21T23:28:07Z">
          <reporter-output>
          </reporter-output>
        </test-method> <!-- tearDown -->
      </class> <!-- com.wikia.homework.LoginSuccessfulTest -->
    </test> <!-- Default test -->
  </suite> <!-- Default suite -->
</testng-results>
